2023-09-24 11:11:25 DEBUG TelegramBot:38 - dd
2023-09-24 11:17:27 DEBUG TelegramBot:43 - Lombok!
2023-09-24 11:23:08 DEBUG TelegramBot:45 - hi
2023-09-24 11:23:09 ERROR TelegramBot:63 - org.telegram.telegrambots.meta.exceptions.TelegramApiRequestException: Unable to deserialize response
2023-09-24 11:23:26 DEBUG TelegramBot:45 - howRU
2023-09-24 11:23:26 ERROR TelegramBot:63 - org.telegram.telegrambots.meta.exceptions.TelegramApiRequestException: Unable to deserialize response
2023-09-24 11:26:51 DEBUG TelegramBot:45 - wow
2023-09-24 11:26:52 ERROR TelegramBot:63 - org.telegram.telegrambots.meta.exceptions.TelegramApiRequestException: Unable to deserialize response
2023-09-24 22:26:46 DEBUG TelegramBot:45 - 12
2023-09-24 22:26:51 DEBUG TelegramBot:45 - rrrr
2023-09-25 20:17:27 DEBUG UpdateProcucerImpl:13 - hello
2023-09-25 20:18:01 ERROR UpdateController:37 - Unsupported message type received Update(updateId=910129427, message=null, inlineQuery=null, chosenInlineQuery=null, callbackQuery=null, editedMessage=Message(messageId=16, from=User(id=410071983, firstName=Александр, isBot=false, lastName=Синьков, userName=Alex_Sinkov, languageCode=ru, canJoinGroups=null, canReadAllGroupMessages=null, supportInlineQueries=null), date=1695662247, chat=Chat(id=410071983, type=private, title=null, firstName=Александр, lastName=Синьков, userName=Alex_Sinkov, photo=null, description=null, inviteLink=null, pinnedMessage=null, stickerSetName=null, canSetStickerSet=null, permissions=null, slowModeDelay=null, bio=null, linkedChatId=null, location=null, messageAutoDeleteTime=null, hasPrivateForwards=null, HasProtectedContent=null), forwardFrom=null, forwardFromChat=null, forwardDate=null, text=hellodd, entities=null, captionEntities=null, audio=null, document=null, photo=null, sticker=null, video=null, contact=null, location=null, venue=null, animation=null, pinnedMessage=null, newChatMembers=[], leftChatMember=null, newChatTitle=null, newChatPhoto=null, deleteChatPhoto=null, groupchatCreated=null, replyToMessage=null, voice=null, caption=null, superGroupCreated=null, channelChatCreated=null, migrateToChatId=null, migrateFromChatId=null, editDate=1695662281, game=null, forwardFromMessageId=null, invoice=null, successfulPayment=null, videoNote=null, authorSignature=null, forwardSignature=null, mediaGroupId=null, connectedWebsite=null, passportData=null, forwardSenderName=null, poll=null, replyMarkup=null, dice=null, viaBot=null, senderChat=null, proximityAlertTriggered=null, messageAutoDeleteTimerChanged=null, isAutomaticForward=null, hasProtectedContent=null, webAppData=null, videoChatStarted=null, videoChatEnded=null, videoChatParticipantsInvited=null, videoChatScheduled=null), channelPost=null, editedChannelPost=null, shippingQuery=null, preCheckoutQuery=null, poll=null, pollAnswer=null, myChatMember=null, chatMember=null, chatJoinRequest=null)
2023-09-25 20:21:46 DEBUG UpdateProcucerImpl:13 - ddd
2023-09-25 20:21:50 DEBUG UpdateProcucerImpl:13 - dd
2023-09-25 21:21:07 DEBUG UpdateProcucerImpl:13 - вава
2023-09-25 21:21:12 DEBUG UpdateProcucerImpl:13 - hi
2023-09-25 21:24:33 DEBUG UpdateProcucerImpl:13 - ;;
2023-09-25 21:24:41 DEBUG UpdateProcucerImpl:13 - 55
2023-09-25 21:24:45 DEBUG UpdateProcucerImpl:13 - j
2023-10-04 20:42:15 DEBUG UpdateProcucerImpl:13 - hi
2023-10-04 20:42:17 DEBUG UpdateProcucerImpl:13 - dfdf
2023-10-04 20:42:20 DEBUG UpdateProcucerImpl:13 - dfdf
2023-10-04 20:42:27 DEBUG UpdateProcucerImpl:13 - ddd
2023-10-04 20:42:29 DEBUG UpdateProcucerImpl:13 - d
2023-10-04 22:24:06 DEBUG UpdateProcucerImpl:13 - hh
2023-10-05 06:37:36 DEBUG UpdateProducerImpl:16 - dd
2023-10-05 06:37:59 DEBUG UpdateProducerImpl:16 - ss
2023-10-05 06:38:05 ERROR UpdateController:41 - Unsupported message type received Update(updateId=910129443, message=null, inlineQuery=null, chosenInlineQuery=null, callbackQuery=null, editedMessage=Message(messageId=46, from=User(id=410071983, firstName=Александр, isBot=false, lastName=Синьков, userName=Alex_Sinkov, languageCode=ru, canJoinGroups=null, canReadAllGroupMessages=null, supportInlineQueries=null), date=1696477079, chat=Chat(id=410071983, type=private, title=null, firstName=Александр, lastName=Синьков, userName=Alex_Sinkov, photo=null, description=null, inviteLink=null, pinnedMessage=null, stickerSetName=null, canSetStickerSet=null, permissions=null, slowModeDelay=null, bio=null, linkedChatId=null, location=null, messageAutoDeleteTime=null, hasPrivateForwards=null, HasProtectedContent=null), forwardFrom=null, forwardFromChat=null, forwardDate=null, text=ssd, entities=null, captionEntities=null, audio=null, document=null, photo=null, sticker=null, video=null, contact=null, location=null, venue=null, animation=null, pinnedMessage=null, newChatMembers=[], leftChatMember=null, newChatTitle=null, newChatPhoto=null, deleteChatPhoto=null, groupchatCreated=null, replyToMessage=Message(messageId=44, from=User(id=410071983, firstName=Александр, isBot=false, lastName=Синьков, userName=Alex_Sinkov, languageCode=ru, canJoinGroups=null, canReadAllGroupMessages=null, supportInlineQueries=null), date=1696477056, chat=Chat(id=410071983, type=private, title=null, firstName=Александр, lastName=Синьков, userName=Alex_Sinkov, photo=null, description=null, inviteLink=null, pinnedMessage=null, stickerSetName=null, canSetStickerSet=null, permissions=null, slowModeDelay=null, bio=null, linkedChatId=null, location=null, messageAutoDeleteTime=null, hasPrivateForwards=null, HasProtectedContent=null), forwardFrom=null, forwardFromChat=null, forwardDate=null, text=dd, entities=null, captionEntities=null, audio=null, document=null, photo=null, sticker=null, video=null, contact=null, location=null, venue=null, animation=null, pinnedMessage=null, newChatMembers=[], leftChatMember=null, newChatTitle=null, newChatPhoto=null, deleteChatPhoto=null, groupchatCreated=null, replyToMessage=null, voice=null, caption=null, superGroupCreated=null, channelChatCreated=null, migrateToChatId=null, migrateFromChatId=null, editDate=1696477064, game=null, forwardFromMessageId=null, invoice=null, successfulPayment=null, videoNote=null, authorSignature=null, forwardSignature=null, mediaGroupId=null, connectedWebsite=null, passportData=null, forwardSenderName=null, poll=null, replyMarkup=null, dice=null, viaBot=null, senderChat=null, proximityAlertTriggered=null, messageAutoDeleteTimerChanged=null, isAutomaticForward=null, hasProtectedContent=null, webAppData=null, videoChatStarted=null, videoChatEnded=null, videoChatParticipantsInvited=null, videoChatScheduled=null), voice=null, caption=null, superGroupCreated=null, channelChatCreated=null, migrateToChatId=null, migrateFromChatId=null, editDate=1696477085, game=null, forwardFromMessageId=null, invoice=null, successfulPayment=null, videoNote=null, authorSignature=null, forwardSignature=null, mediaGroupId=null, connectedWebsite=null, passportData=null, forwardSenderName=null, poll=null, replyMarkup=null, dice=null, viaBot=null, senderChat=null, proximityAlertTriggered=null, messageAutoDeleteTimerChanged=null, isAutomaticForward=null, hasProtectedContent=null, webAppData=null, videoChatStarted=null, videoChatEnded=null, videoChatParticipantsInvited=null, videoChatScheduled=null), channelPost=null, editedChannelPost=null, shippingQuery=null, preCheckoutQuery=null, poll=null, pollAnswer=null, myChatMember=null, chatMember=null, chatJoinRequest=null)
2023-10-06 10:18:32 DEBUG UpdateProducerImpl:27 - 55
