2023-10-10 06:33:55 DEBUG ConsumerService:27 - NODE: Text message is received
2023-10-10 06:33:55 DEBUG ConsumerService:27 - NODE: Text message is received
2023-10-10 06:33:55 DEBUG ConsumerService:27 - NODE: Text message is received
2023-10-10 06:33:55 DEBUG ConsumerService:27 - NODE: Text message is received
2023-10-10 06:33:55 DEBUG ConsumerService:27 - NODE: Text message is received
2023-10-10 06:33:55 DEBUG ConsumerService:27 - NODE: Text message is received
2023-10-10 06:33:55 DEBUG ConsumerService:27 - NODE: Text message is received
2023-10-10 06:33:55 DEBUG ConsumerService:27 - NODE: Text message is received
2023-10-10 06:33:55 DEBUG ConsumerService:27 - NODE: Text message is received
2023-10-10 06:33:55 DEBUG ConsumerService:27 - NODE: Text message is received
2023-10-10 06:33:55 DEBUG ConsumerService:27 - NODE: Text message is received
2023-10-10 06:33:55 DEBUG ConsumerService:27 - NODE: Text message is received
2023-10-10 06:33:55 DEBUG ConsumerService:27 - NODE: Text message is received
2023-10-10 06:33:55 DEBUG ConsumerService:27 - NODE: Text message is received
2023-10-10 06:33:55 DEBUG ConsumerService:27 - NODE: Text message is received
2023-10-10 06:33:55 DEBUG ConsumerService:27 - NODE: Text message is received
2023-10-10 06:33:55 DEBUG ConsumerService:27 - NODE: Text message is received
2023-10-10 06:33:55 DEBUG ConsumerService:27 - NODE: Text message is received
2023-10-10 06:33:55 DEBUG ConsumerService:27 - NODE: Text message is received
2023-10-10 06:33:55 DEBUG ConsumerService:27 - NODE: Text message is received
2023-10-10 06:33:55 DEBUG ConsumerService:27 - NODE: Text message is received
2023-10-10 06:33:55 DEBUG ConsumerService:27 - NODE: Text message is received
2023-10-10 06:33:55 DEBUG ConsumerService:27 - NODE: Text message is received
2023-10-10 06:33:55 DEBUG ConsumerService:27 - NODE: Text message is received
2023-10-10 06:33:55 DEBUG ConsumerService:27 - NODE: Text message is received
2023-10-10 06:33:55 DEBUG ConsumerService:27 - NODE: Text message is received
2023-10-10 06:33:55 DEBUG ConsumerService:27 - NODE: Text message is received
2023-10-10 06:33:55 DEBUG ConsumerService:27 - NODE: Text message is received
2023-10-10 06:33:55 DEBUG ConsumerService:27 - NODE: Text message is received
2023-10-10 06:33:55 DEBUG ConsumerService:27 - NODE: Text message is received
2023-10-10 06:33:55 DEBUG ConsumerService:27 - NODE: Text message is received
2023-10-10 06:33:55 DEBUG ConsumerService:27 - NODE: Text message is received
2023-10-10 06:33:55 DEBUG ConsumerService:27 - NODE: Text message is received
2023-10-10 06:33:55 DEBUG ConsumerService:27 - NODE: Text message is received
2023-10-10 06:33:55 DEBUG ConsumerService:27 - NODE: Text message is received
2023-10-10 06:33:55 DEBUG ConsumerService:27 - NODE: Text message is received
2023-10-10 06:33:55 DEBUG ConsumerService:27 - NODE: Text message is received
2023-10-10 06:33:55 DEBUG ConsumerService:27 - NODE: Text message is received
2023-10-10 06:33:55 DEBUG ConsumerService:27 - NODE: Text message is received
2023-10-10 06:33:55 DEBUG ConsumerService:27 - NODE: Text message is received
2023-10-10 06:33:55 DEBUG ConsumerService:27 - NODE: Text message is received
2023-10-10 06:33:55 DEBUG ConsumerService:27 - NODE: Text message is received
2023-10-10 06:33:55 DEBUG ConsumerService:27 - NODE: Text message is received
2023-10-10 06:33:55 DEBUG ConsumerService:27 - NODE: Text message is received
2023-10-10 06:33:55 DEBUG ConsumerService:27 - NODE: Text message is received
2023-10-10 06:33:55 DEBUG ConsumerService:27 - NODE: Text message is received
2023-10-10 06:33:55 DEBUG ConsumerService:27 - NODE: Text message is received
2023-10-10 06:33:55 DEBUG ConsumerService:27 - NODE: Text message is received
2023-10-10 06:33:55 DEBUG ConsumerService:27 - NODE: Text message is received
2023-10-10 06:33:55 DEBUG ConsumerService:27 - NODE: Text message is received
2023-10-10 06:33:55 DEBUG ConsumerService:27 - NODE: Text message is received
2023-10-10 06:33:55 DEBUG ConsumerService:27 - NODE: Text message is received
2023-10-10 06:33:55 DEBUG ConsumerService:27 - NODE: Text message is received
2023-10-10 06:33:55 DEBUG ConsumerService:27 - NODE: Text message is received
2023-10-10 06:33:55 DEBUG ConsumerService:27 - NODE: Text message is received
2023-10-10 06:33:55 DEBUG ConsumerService:27 - NODE: Text message is received
2023-10-10 06:33:55 DEBUG ConsumerService:27 - NODE: Text message is received
2023-10-10 06:33:55 DEBUG ConsumerService:27 - NODE: Text message is received
2023-10-10 06:33:55 DEBUG ConsumerService:27 - NODE: Text message is received
2023-10-10 06:33:55 DEBUG ConsumerService:27 - NODE: Text message is received
2023-10-10 06:33:55 DEBUG ConsumerService:27 - NODE: Text message is received
2023-10-10 06:33:55 DEBUG ConsumerService:27 - NODE: Text message is received
2023-10-10 06:33:55 DEBUG ConsumerService:27 - NODE: Text message is received
2023-10-10 06:33:55 DEBUG ConsumerService:27 - NODE: Text message is received
2023-10-10 06:36:05 DEBUG ConsumerService:27 - NODE: Text message is received
2023-10-10 06:43:33 DEBUG ConsumerService:27 - NODE: Text message is received
2023-10-10 06:52:48 DEBUG ConsumerService:27 - NODE: Text message is received
2023-10-11 20:11:02 DEBUG ConsumerService:27 - NODE: Text message is received
2023-10-11 20:14:26 DEBUG ConsumerService:27 - NODE: Text message is received
2023-10-19 12:26:57 DEBUG ConsumerService:27 - NODE: Text message is received
2023-10-19 12:32:05 DEBUG ConsumerService:27 - NODE: Text message is received
2023-10-19 12:36:47 DEBUG ConsumerService:27 - NODE: Text message is received
2023-10-19 12:39:55 DEBUG ConsumerService:27 - NODE: Text message is received
2023-10-19 12:41:34 DEBUG ConsumerService:27 - NODE: Text message is received
2023-10-19 17:12:44 DEBUG ConsumerService:28 - NODE has received text message from rabbitMQ
2023-10-19 17:12:44 DEBUG ConsumerService:29 - NODE. Update is being processed
2023-10-19 17:12:44 DEBUG MainServiceImpl:30 - Starting saving message to DB
2023-10-19 17:12:44 DEBUG MainServiceImpl:32 - Message successfully saved to DB!
2023-10-19 17:12:44 DEBUG MainServiceImpl:34 - Starting user check
2023-10-19 17:12:44 DEBUG MainServiceImpl:40 - test sending from node to dispatcher via rabbitMQ
2023-10-19 17:12:44 DEBUG MainServiceImpl:45 - sending answer message to rabbitMQ
2023-10-19 17:12:44 DEBUG MainServiceImpl:47 - answer message is sent to rabbitMQ
2023-10-19 17:15:55 DEBUG ConsumerService:28 - NODE has received text message from rabbitMQ
2023-10-19 17:15:55 DEBUG ConsumerService:29 - NODE. Update is being processed
2023-10-19 17:15:55 DEBUG MainServiceImpl:30 - Starting saving message to DB
2023-10-19 17:15:55 DEBUG MainServiceImpl:32 - Message successfully saved to DB!
2023-10-19 17:15:55 DEBUG MainServiceImpl:34 - Starting user check
2023-10-19 17:15:55 DEBUG MainServiceImpl:40 - test sending from node to dispatcher via rabbitMQ
2023-10-19 17:15:55 DEBUG MainServiceImpl:45 - sending answer message to rabbitMQ
2023-10-19 17:15:55 DEBUG MainServiceImpl:47 - answer message is sent to rabbitMQ
2023-10-19 17:15:56 DEBUG ConsumerService:28 - NODE has received text message from rabbitMQ
2023-10-19 17:15:56 DEBUG ConsumerService:29 - NODE. Update is being processed
2023-10-19 17:15:56 DEBUG MainServiceImpl:30 - Starting saving message to DB
2023-10-19 17:15:56 DEBUG MainServiceImpl:32 - Message successfully saved to DB!
2023-10-19 17:15:56 DEBUG MainServiceImpl:34 - Starting user check
2023-10-19 17:15:56 DEBUG MainServiceImpl:40 - test sending from node to dispatcher via rabbitMQ
2023-10-19 17:15:56 DEBUG MainServiceImpl:45 - sending answer message to rabbitMQ
2023-10-19 17:15:56 DEBUG MainServiceImpl:47 - answer message is sent to rabbitMQ
2023-10-19 17:15:56 DEBUG ConsumerService:28 - NODE has received text message from rabbitMQ
2023-10-19 17:15:56 DEBUG ConsumerService:29 - NODE. Update is being processed
2023-10-19 17:15:56 DEBUG MainServiceImpl:30 - Starting saving message to DB
2023-10-19 17:15:56 DEBUG MainServiceImpl:32 - Message successfully saved to DB!
2023-10-19 17:15:56 DEBUG MainServiceImpl:34 - Starting user check
2023-10-19 17:15:56 DEBUG MainServiceImpl:40 - test sending from node to dispatcher via rabbitMQ
2023-10-19 17:15:56 DEBUG MainServiceImpl:45 - sending answer message to rabbitMQ
2023-10-19 17:15:56 DEBUG MainServiceImpl:47 - answer message is sent to rabbitMQ
2023-10-19 17:45:21 DEBUG ConsumerService:28 - NODE has received text message from rabbitMQ
2023-10-19 17:45:21 DEBUG ConsumerService:29 - NODE. Update is being processed
2023-10-19 17:45:21 DEBUG MainServiceImpl:30 - Starting saving message to DB
2023-10-19 17:45:21 DEBUG MainServiceImpl:32 - Message successfully saved to DB!
2023-10-19 17:45:21 DEBUG MainServiceImpl:34 - Starting user check
2023-10-19 17:45:21 DEBUG MainServiceImpl:40 - test sending from node to dispatcher via rabbitMQ
2023-10-19 17:45:21 DEBUG MainServiceImpl:45 - sending answer message to rabbitMQ
2023-10-19 17:45:21 DEBUG MainServiceImpl:47 - answer message is sent to rabbitMQ
2023-10-19 17:45:32 DEBUG ConsumerService:28 - NODE has received text message from rabbitMQ
2023-10-19 17:45:32 DEBUG ConsumerService:29 - NODE. Update is being processed
2023-10-19 17:45:32 DEBUG MainServiceImpl:30 - Starting saving message to DB
2023-10-19 17:45:32 DEBUG MainServiceImpl:32 - Message successfully saved to DB!
2023-10-19 17:45:32 DEBUG MainServiceImpl:34 - Starting user check
2023-10-19 17:45:32 DEBUG MainServiceImpl:40 - test sending from node to dispatcher via rabbitMQ
2023-10-19 17:45:32 DEBUG MainServiceImpl:45 - sending answer message to rabbitMQ
2023-10-19 17:45:32 DEBUG MainServiceImpl:47 - answer message is sent to rabbitMQ
2023-10-19 17:47:36 DEBUG ConsumerService:28 - NODE has received text message from rabbitMQ
2023-10-19 17:47:36 DEBUG ConsumerService:29 - NODE. Update is being processed
2023-10-19 17:47:36 DEBUG MainServiceImpl:30 - Starting saving message to DB
2023-10-19 17:47:36 DEBUG MainServiceImpl:32 - Message successfully saved to DB!
2023-10-19 17:47:36 DEBUG MainServiceImpl:34 - Starting user check
2023-10-19 17:47:36 DEBUG MainServiceImpl:40 - test sending from node to dispatcher via rabbitMQ
2023-10-19 17:47:36 DEBUG MainServiceImpl:45 - sending answer message to rabbitMQ
2023-10-19 17:47:36 DEBUG MainServiceImpl:47 - answer message is sent to rabbitMQ
2023-10-19 17:47:55 DEBUG ConsumerService:28 - ---------NODE--------
2023-10-19 17:47:55 DEBUG ConsumerService:29 - NODE has received text message from rabbitMQ
2023-10-19 17:47:55 DEBUG ConsumerService:30 - NODE. Update is being processed
2023-10-19 17:47:55 DEBUG MainServiceImpl:30 - Starting saving message to DB
2023-10-19 17:47:55 DEBUG MainServiceImpl:32 - Message successfully saved to DB!
2023-10-19 17:47:55 DEBUG MainServiceImpl:34 - Starting user presence in db check
2023-10-19 17:47:55 DEBUG MainServiceImpl:72 - User found in db
2023-10-19 17:47:55 DEBUG MainServiceImpl:38 - User presence check done
2023-10-19 17:47:55 DEBUG MainServiceImpl:41 - Sending message from node to dispatcher via rabbitMQ
2023-10-19 17:47:55 DEBUG MainServiceImpl:46 - sending answer message to dispatcher via rabbitMQ: Hello from NODE
2023-10-19 17:47:55 DEBUG MainServiceImpl:48 - Answer message is sent to dispatcher via rabbitMQ
2023-10-19 18:12:30 DEBUG ConsumerService:28 - ---------NODE--------
2023-10-19 18:12:30 DEBUG ConsumerService:29 - NODE has received text message from rabbitMQ
2023-10-19 18:12:30 DEBUG ConsumerService:30 - NODE. Update is being processed
2023-10-19 18:12:30 DEBUG MainServiceImpl:30 - Starting saving message to DB
2023-10-19 18:12:30 DEBUG MainServiceImpl:32 - Message successfully saved to DB!
2023-10-19 18:12:30 DEBUG MainServiceImpl:34 - Starting user presence in db check
2023-10-19 18:12:30 DEBUG MainServiceImpl:72 - User found in db
2023-10-19 18:12:30 DEBUG MainServiceImpl:38 - User presence check done
2023-10-19 18:12:30 DEBUG MainServiceImpl:41 - Sending message from node to dispatcher via rabbitMQ
2023-10-19 18:12:30 DEBUG MainServiceImpl:46 - sending answer message to dispatcher via rabbitMQ: Hello from NODE
2023-10-19 18:12:30 DEBUG MainServiceImpl:48 - Answer message is sent to dispatcher via rabbitMQ
2023-10-19 18:12:35 DEBUG ConsumerService:28 - ---------NODE--------
2023-10-19 18:12:35 DEBUG ConsumerService:29 - NODE has received text message from rabbitMQ
2023-10-19 18:12:35 DEBUG ConsumerService:30 - NODE. Update is being processed
2023-10-19 18:12:35 DEBUG MainServiceImpl:30 - Starting saving message to DB
2023-10-19 18:12:35 DEBUG MainServiceImpl:32 - Message successfully saved to DB!
2023-10-19 18:12:35 DEBUG MainServiceImpl:34 - Starting user presence in db check
2023-10-19 18:12:35 DEBUG MainServiceImpl:72 - User found in db
2023-10-19 18:12:35 DEBUG MainServiceImpl:38 - User presence check done
2023-10-19 18:12:35 DEBUG MainServiceImpl:41 - Sending message from node to dispatcher via rabbitMQ
2023-10-19 18:12:35 DEBUG MainServiceImpl:46 - sending answer message to dispatcher via rabbitMQ: Hello from NODE
2023-10-19 18:12:35 DEBUG MainServiceImpl:48 - Answer message is sent to dispatcher via rabbitMQ
2023-10-19 18:19:50 DEBUG ConsumerService:28 - -------------------------------------------
2023-10-19 18:19:50 DEBUG ConsumerService:29 - NODE has received text message from rabbitMQ
2023-10-19 18:19:50 DEBUG ConsumerService:30 - NODE. Update is being processed
2023-10-19 18:19:50 DEBUG MainServiceImpl:30 - Starting saving message to DB
2023-10-19 18:19:50 DEBUG MainServiceImpl:32 - Message successfully saved to DB!
2023-10-19 18:19:50 DEBUG MainServiceImpl:34 - Starting user presence in db check
2023-10-19 18:19:50 DEBUG MainServiceImpl:72 - User found in db
2023-10-19 18:19:50 DEBUG MainServiceImpl:38 - User presence check done
2023-10-19 18:19:50 DEBUG MainServiceImpl:41 - Building answer message
2023-10-19 18:19:50 DEBUG MainServiceImpl:46 - Sending answer message to dispatcher via rabbitMQ: Hello from NODE
2023-10-19 18:19:50 DEBUG MainServiceImpl:48 - Answer message is sent to dispatcher via rabbitMQ
2023-10-21 12:12:15 DEBUG ConsumerService:28 - -------------------------------------------
2023-10-21 12:12:15 DEBUG ConsumerService:29 - NODE has received TEXT message from rabbitMQ
2023-10-21 12:12:15 DEBUG ConsumerService:30 - NODE. Update is being processed...
2023-10-21 12:12:15 DEBUG MainServiceImpl:35 - Processing text message...
2023-10-21 12:12:15 DEBUG MainServiceImpl:36 - Starting saving message to DB...
2023-10-21 12:12:16 DEBUG MainServiceImpl:38 - Message successfully saved to DB!
2023-10-21 12:12:16 DEBUG MainServiceImpl:40 - Starting user presence in db check...
2023-10-21 12:12:16 DEBUG MainServiceImpl:189 - User found in db
2023-10-21 12:12:16 DEBUG MainServiceImpl:42 - User presence check done!
2023-10-21 12:12:16 DEBUG MainServiceImpl:44 - Handling user message: Message(messageId=308, from=User(id=410071983, firstName=Александр, isBot=false, lastName=Синьков, userName=Alex_Sinkov, languageCode=ru, canJoinGroups=null, canReadAllGroupMessages=null, supportInlineQueries=null), date=1697879537, chat=Chat(id=410071983, type=private, title=null, firstName=Александр, lastName=Синьков, userName=Alex_Sinkov, photo=null, description=null, inviteLink=null, pinnedMessage=null, stickerSetName=null, canSetStickerSet=null, permissions=null, slowModeDelay=null, bio=null, linkedChatId=null, location=null, messageAutoDeleteTime=null, hasPrivateForwards=null, HasProtectedContent=null), forwardFrom=null, forwardFromChat=null, forwardDate=null, text=/start, entities=[MessageEntity(type=bot_command, offset=0, length=6, url=null, user=null, language=null, text=/start)], captionEntities=null, audio=null, document=null, photo=null, sticker=null, video=null, contact=null, location=null, venue=null, animation=null, pinnedMessage=null, newChatMembers=[], leftChatMember=null, newChatTitle=null, newChatPhoto=null, deleteChatPhoto=null, groupchatCreated=null, replyToMessage=null, voice=null, caption=null, superGroupCreated=null, channelChatCreated=null, migrateToChatId=null, migrateFromChatId=null, editDate=null, game=null, forwardFromMessageId=null, invoice=null, successfulPayment=null, videoNote=null, authorSignature=null, forwardSignature=null, mediaGroupId=null, connectedWebsite=null, passportData=null, forwardSenderName=null, poll=null, replyMarkup=null, dice=null, viaBot=null, senderChat=null, proximityAlertTriggered=null, messageAutoDeleteTimerChanged=null, isAutomaticForward=null, hasProtectedContent=null, webAppData=null, videoChatStarted=null, videoChatEnded=null, videoChatParticipantsInvited=null, videoChatScheduled=null)
2023-10-21 12:12:16 DEBUG MainServiceImpl:62 - Building answer message
2023-10-21 12:12:16 DEBUG MainServiceImpl:137 - Sending answer message to dispatcher via rabbitMQ: Приветствую! Чтобы посмотреть список доступных команд введите /help
2023-10-21 12:12:16 DEBUG MainServiceImpl:139 - Answer message is sent to dispatcher via rabbitMQ
2023-10-21 12:12:56 DEBUG ConsumerService:28 - -------------------------------------------
2023-10-21 12:12:56 DEBUG ConsumerService:29 - NODE has received TEXT message from rabbitMQ
2023-10-21 12:12:56 DEBUG ConsumerService:30 - NODE. Update is being processed...
2023-10-21 12:12:56 DEBUG MainServiceImpl:35 - Processing text message...
2023-10-21 12:12:56 DEBUG MainServiceImpl:36 - Starting saving message to DB...
2023-10-21 12:12:56 DEBUG MainServiceImpl:38 - Message successfully saved to DB!
2023-10-21 12:12:56 DEBUG MainServiceImpl:40 - Starting user presence in db check...
2023-10-21 12:12:56 DEBUG MainServiceImpl:189 - User found in db
2023-10-21 12:12:56 DEBUG MainServiceImpl:42 - User presence check done!
2023-10-21 12:12:56 DEBUG MainServiceImpl:44 - Handling user message: Message(messageId=311, from=User(id=410071983, firstName=Александр, isBot=false, lastName=Синьков, userName=Alex_Sinkov, languageCode=ru, canJoinGroups=null, canReadAllGroupMessages=null, supportInlineQueries=null), date=1697879578, chat=Chat(id=410071983, type=private, title=null, firstName=Александр, lastName=Синьков, userName=Alex_Sinkov, photo=null, description=null, inviteLink=null, pinnedMessage=null, stickerSetName=null, canSetStickerSet=null, permissions=null, slowModeDelay=null, bio=null, linkedChatId=null, location=null, messageAutoDeleteTime=null, hasPrivateForwards=null, HasProtectedContent=null), forwardFrom=null, forwardFromChat=null, forwardDate=null, text=/start, entities=[MessageEntity(type=bot_command, offset=0, length=6, url=null, user=null, language=null, text=/start)], captionEntities=null, audio=null, document=null, photo=null, sticker=null, video=null, contact=null, location=null, venue=null, animation=null, pinnedMessage=null, newChatMembers=[], leftChatMember=null, newChatTitle=null, newChatPhoto=null, deleteChatPhoto=null, groupchatCreated=null, replyToMessage=null, voice=null, caption=null, superGroupCreated=null, channelChatCreated=null, migrateToChatId=null, migrateFromChatId=null, editDate=null, game=null, forwardFromMessageId=null, invoice=null, successfulPayment=null, videoNote=null, authorSignature=null, forwardSignature=null, mediaGroupId=null, connectedWebsite=null, passportData=null, forwardSenderName=null, poll=null, replyMarkup=null, dice=null, viaBot=null, senderChat=null, proximityAlertTriggered=null, messageAutoDeleteTimerChanged=null, isAutomaticForward=null, hasProtectedContent=null, webAppData=null, videoChatStarted=null, videoChatEnded=null, videoChatParticipantsInvited=null, videoChatScheduled=null)
2023-10-21 12:12:56 DEBUG MainServiceImpl:62 - Building answer message
2023-10-21 12:12:56 DEBUG MainServiceImpl:137 - Sending answer message to dispatcher via rabbitMQ: Приветствую! Чтобы посмотреть список доступных команд введите /help
2023-10-21 12:12:56 DEBUG MainServiceImpl:139 - Answer message is sent to dispatcher via rabbitMQ
2023-10-21 12:15:31 DEBUG ConsumerService:28 - -------------------------------------------
2023-10-21 12:15:31 DEBUG ConsumerService:29 - NODE has received TEXT message from rabbitMQ
2023-10-21 12:15:31 DEBUG ConsumerService:30 - NODE. Update is being processed...
2023-10-21 12:15:31 DEBUG MainServiceImpl:35 - Processing text message...
2023-10-21 12:15:31 DEBUG MainServiceImpl:36 - Starting saving message to DB...
2023-10-21 12:15:31 DEBUG MainServiceImpl:38 - Message successfully saved to DB!
2023-10-21 12:15:31 DEBUG MainServiceImpl:40 - Starting user presence in db check...
2023-10-21 12:15:31 DEBUG MainServiceImpl:189 - User found in db
2023-10-21 12:15:31 DEBUG MainServiceImpl:42 - User presence check done!
2023-10-21 12:15:31 DEBUG MainServiceImpl:44 - Handling user message: Message(messageId=314, from=User(id=410071983, firstName=Александр, isBot=false, lastName=Синьков, userName=Alex_Sinkov, languageCode=ru, canJoinGroups=null, canReadAllGroupMessages=null, supportInlineQueries=null), date=1697879732, chat=Chat(id=410071983, type=private, title=null, firstName=Александр, lastName=Синьков, userName=Alex_Sinkov, photo=null, description=null, inviteLink=null, pinnedMessage=null, stickerSetName=null, canSetStickerSet=null, permissions=null, slowModeDelay=null, bio=null, linkedChatId=null, location=null, messageAutoDeleteTime=null, hasPrivateForwards=null, HasProtectedContent=null), forwardFrom=null, forwardFromChat=null, forwardDate=null, text=/help, entities=[MessageEntity(type=bot_command, offset=0, length=5, url=null, user=null, language=null, text=/help)], captionEntities=null, audio=null, document=null, photo=null, sticker=null, video=null, contact=null, location=null, venue=null, animation=null, pinnedMessage=null, newChatMembers=[], leftChatMember=null, newChatTitle=null, newChatPhoto=null, deleteChatPhoto=null, groupchatCreated=null, replyToMessage=null, voice=null, caption=null, superGroupCreated=null, channelChatCreated=null, migrateToChatId=null, migrateFromChatId=null, editDate=null, game=null, forwardFromMessageId=null, invoice=null, successfulPayment=null, videoNote=null, authorSignature=null, forwardSignature=null, mediaGroupId=null, connectedWebsite=null, passportData=null, forwardSenderName=null, poll=null, replyMarkup=null, dice=null, viaBot=null, senderChat=null, proximityAlertTriggered=null, messageAutoDeleteTimerChanged=null, isAutomaticForward=null, hasProtectedContent=null, webAppData=null, videoChatStarted=null, videoChatEnded=null, videoChatParticipantsInvited=null, videoChatScheduled=null)
2023-10-21 12:15:31 DEBUG MainServiceImpl:62 - Building answer message
2023-10-21 12:15:31 DEBUG MainServiceImpl:137 - Sending answer message to dispatcher via rabbitMQ: Список доступных команд: 
/cancel - отмена выполнения текущей команды;
/registration - регистрация пользователя.
2023-10-21 12:15:31 DEBUG MainServiceImpl:139 - Answer message is sent to dispatcher via rabbitMQ
2023-10-21 12:15:36 DEBUG ConsumerService:28 - -------------------------------------------
2023-10-21 12:15:36 DEBUG ConsumerService:29 - NODE has received TEXT message from rabbitMQ
2023-10-21 12:15:36 DEBUG ConsumerService:30 - NODE. Update is being processed...
2023-10-21 12:15:36 DEBUG MainServiceImpl:35 - Processing text message...
2023-10-21 12:15:36 DEBUG MainServiceImpl:36 - Starting saving message to DB...
2023-10-21 12:15:36 DEBUG MainServiceImpl:38 - Message successfully saved to DB!
2023-10-21 12:15:36 DEBUG MainServiceImpl:40 - Starting user presence in db check...
2023-10-21 12:15:36 DEBUG MainServiceImpl:189 - User found in db
2023-10-21 12:15:36 DEBUG MainServiceImpl:42 - User presence check done!
2023-10-21 12:15:36 DEBUG MainServiceImpl:44 - Handling user message: Message(messageId=317, from=User(id=410071983, firstName=Александр, isBot=false, lastName=Синьков, userName=Alex_Sinkov, languageCode=ru, canJoinGroups=null, canReadAllGroupMessages=null, supportInlineQueries=null), date=1697879737, chat=Chat(id=410071983, type=private, title=null, firstName=Александр, lastName=Синьков, userName=Alex_Sinkov, photo=null, description=null, inviteLink=null, pinnedMessage=null, stickerSetName=null, canSetStickerSet=null, permissions=null, slowModeDelay=null, bio=null, linkedChatId=null, location=null, messageAutoDeleteTime=null, hasPrivateForwards=null, HasProtectedContent=null), forwardFrom=null, forwardFromChat=null, forwardDate=null, text=/registration, entities=[MessageEntity(type=bot_command, offset=0, length=13, url=null, user=null, language=null, text=/registration)], captionEntities=null, audio=null, document=null, photo=null, sticker=null, video=null, contact=null, location=null, venue=null, animation=null, pinnedMessage=null, newChatMembers=[], leftChatMember=null, newChatTitle=null, newChatPhoto=null, deleteChatPhoto=null, groupchatCreated=null, replyToMessage=null, voice=null, caption=null, superGroupCreated=null, channelChatCreated=null, migrateToChatId=null, migrateFromChatId=null, editDate=null, game=null, forwardFromMessageId=null, invoice=null, successfulPayment=null, videoNote=null, authorSignature=null, forwardSignature=null, mediaGroupId=null, connectedWebsite=null, passportData=null, forwardSenderName=null, poll=null, replyMarkup=null, dice=null, viaBot=null, senderChat=null, proximityAlertTriggered=null, messageAutoDeleteTimerChanged=null, isAutomaticForward=null, hasProtectedContent=null, webAppData=null, videoChatStarted=null, videoChatEnded=null, videoChatParticipantsInvited=null, videoChatScheduled=null)
2023-10-21 12:15:36 DEBUG MainServiceImpl:62 - Building answer message
2023-10-21 12:15:36 DEBUG MainServiceImpl:137 - Sending answer message to dispatcher via rabbitMQ: Временно недоступно!
2023-10-21 12:15:36 DEBUG MainServiceImpl:139 - Answer message is sent to dispatcher via rabbitMQ
2023-10-21 12:15:44 DEBUG ConsumerService:28 - -------------------------------------------
2023-10-21 12:15:44 DEBUG ConsumerService:29 - NODE has received TEXT message from rabbitMQ
2023-10-21 12:15:44 DEBUG ConsumerService:30 - NODE. Update is being processed...
2023-10-21 12:15:44 DEBUG MainServiceImpl:35 - Processing text message...
2023-10-21 12:15:44 DEBUG MainServiceImpl:36 - Starting saving message to DB...
2023-10-21 12:15:44 DEBUG MainServiceImpl:38 - Message successfully saved to DB!
2023-10-21 12:15:44 DEBUG MainServiceImpl:40 - Starting user presence in db check...
2023-10-21 12:15:44 DEBUG MainServiceImpl:189 - User found in db
2023-10-21 12:15:44 DEBUG MainServiceImpl:42 - User presence check done!
2023-10-21 12:15:44 DEBUG MainServiceImpl:44 - Handling user message: Message(messageId=320, from=User(id=410071983, firstName=Александр, isBot=false, lastName=Синьков, userName=Alex_Sinkov, languageCode=ru, canJoinGroups=null, canReadAllGroupMessages=null, supportInlineQueries=null), date=1697879745, chat=Chat(id=410071983, type=private, title=null, firstName=Александр, lastName=Синьков, userName=Alex_Sinkov, photo=null, description=null, inviteLink=null, pinnedMessage=null, stickerSetName=null, canSetStickerSet=null, permissions=null, slowModeDelay=null, bio=null, linkedChatId=null, location=null, messageAutoDeleteTime=null, hasPrivateForwards=null, HasProtectedContent=null), forwardFrom=null, forwardFromChat=null, forwardDate=null, text=/cancel, entities=[MessageEntity(type=bot_command, offset=0, length=7, url=null, user=null, language=null, text=/cancel)], captionEntities=null, audio=null, document=null, photo=null, sticker=null, video=null, contact=null, location=null, venue=null, animation=null, pinnedMessage=null, newChatMembers=[], leftChatMember=null, newChatTitle=null, newChatPhoto=null, deleteChatPhoto=null, groupchatCreated=null, replyToMessage=null, voice=null, caption=null, superGroupCreated=null, channelChatCreated=null, migrateToChatId=null, migrateFromChatId=null, editDate=null, game=null, forwardFromMessageId=null, invoice=null, successfulPayment=null, videoNote=null, authorSignature=null, forwardSignature=null, mediaGroupId=null, connectedWebsite=null, passportData=null, forwardSenderName=null, poll=null, replyMarkup=null, dice=null, viaBot=null, senderChat=null, proximityAlertTriggered=null, messageAutoDeleteTimerChanged=null, isAutomaticForward=null, hasProtectedContent=null, webAppData=null, videoChatStarted=null, videoChatEnded=null, videoChatParticipantsInvited=null, videoChatScheduled=null)
2023-10-21 12:15:44 DEBUG MainServiceImpl:62 - Building answer message
2023-10-21 12:15:44 DEBUG MainServiceImpl:137 - Sending answer message to dispatcher via rabbitMQ: Команда отменена!
2023-10-21 12:15:44 DEBUG MainServiceImpl:139 - Answer message is sent to dispatcher via rabbitMQ
2023-10-21 12:16:04 DEBUG ConsumerService:28 - -------------------------------------------
2023-10-21 12:16:04 DEBUG ConsumerService:29 - NODE has received TEXT message from rabbitMQ
2023-10-21 12:16:04 DEBUG ConsumerService:30 - NODE. Update is being processed...
2023-10-21 12:16:04 DEBUG MainServiceImpl:35 - Processing text message...
2023-10-21 12:16:04 DEBUG MainServiceImpl:36 - Starting saving message to DB...
2023-10-21 12:16:04 DEBUG MainServiceImpl:38 - Message successfully saved to DB!
2023-10-21 12:16:04 DEBUG MainServiceImpl:40 - Starting user presence in db check...
2023-10-21 12:16:04 DEBUG MainServiceImpl:189 - User found in db
2023-10-21 12:16:04 DEBUG MainServiceImpl:42 - User presence check done!
2023-10-21 12:16:04 DEBUG MainServiceImpl:44 - Handling user message: Message(messageId=323, from=User(id=410071983, firstName=Александр, isBot=false, lastName=Синьков, userName=Alex_Sinkov, languageCode=ru, canJoinGroups=null, canReadAllGroupMessages=null, supportInlineQueries=null), date=1697879765, chat=Chat(id=410071983, type=private, title=null, firstName=Александр, lastName=Синьков, userName=Alex_Sinkov, photo=null, description=null, inviteLink=null, pinnedMessage=null, stickerSetName=null, canSetStickerSet=null, permissions=null, slowModeDelay=null, bio=null, linkedChatId=null, location=null, messageAutoDeleteTime=null, hasPrivateForwards=null, HasProtectedContent=null), forwardFrom=null, forwardFromChat=null, forwardDate=null, text=/dddd, entities=[MessageEntity(type=bot_command, offset=0, length=5, url=null, user=null, language=null, text=/dddd)], captionEntities=null, audio=null, document=null, photo=null, sticker=null, video=null, contact=null, location=null, venue=null, animation=null, pinnedMessage=null, newChatMembers=[], leftChatMember=null, newChatTitle=null, newChatPhoto=null, deleteChatPhoto=null, groupchatCreated=null, replyToMessage=null, voice=null, caption=null, superGroupCreated=null, channelChatCreated=null, migrateToChatId=null, migrateFromChatId=null, editDate=null, game=null, forwardFromMessageId=null, invoice=null, successfulPayment=null, videoNote=null, authorSignature=null, forwardSignature=null, mediaGroupId=null, connectedWebsite=null, passportData=null, forwardSenderName=null, poll=null, replyMarkup=null, dice=null, viaBot=null, senderChat=null, proximityAlertTriggered=null, messageAutoDeleteTimerChanged=null, isAutomaticForward=null, hasProtectedContent=null, webAppData=null, videoChatStarted=null, videoChatEnded=null, videoChatParticipantsInvited=null, videoChatScheduled=null)
2023-10-21 12:16:04 DEBUG MainServiceImpl:62 - Building answer message
2023-10-21 12:16:04 DEBUG MainServiceImpl:137 - Sending answer message to dispatcher via rabbitMQ: Неизвестная команда! Чтобы посмотреть список доступных команд введите /help
2023-10-21 12:16:04 DEBUG MainServiceImpl:139 - Answer message is sent to dispatcher via rabbitMQ
